<?xml version="1.0" encoding="utf-8"?><testsuites name="pytest tests"><testsuite name="pytest" errors="0" failures="2" skipped="0" tests="53" time="9.632" timestamp="2026-09-01T20:12:01.427971+00:00" hostname="agent-env-8eca0a7b-6cf2-4b15-9c58-115ce5a33738"><testcase classname="tests.backend_test.TestAuth" name="test_signup_defaults" time="1.022" /><testcase classname="tests.backend_test.TestShop" name="test_buy_weapon_and_persist" time="1.372" /><testcase classname="tests.backend_test.TestAuth" name="test_login_bad_password" time="0.338" /><testcase classname="tests.backend_test.TestAuth" name="test_duplicate_email" time="0.079" /><testcase classname="tests.backend_test.TestShop" name="test_buy_weapon_not_found" time="0.091" /><testcase classname="tests.backend_test.TestAuth" name="test_signup_validation" time="0.086" /><testcase classname="tests.backend_test.TestShop" name="test_buy_weapon_insufficient_funds" time="0.128" /><testcase classname="tests.backend_test.TestAuth" name="test_me_requires_token" time="0.150" /><testcase classname="tests.backend_test.TestShop" name="test_equip_weapon" time="0.191" /><testcase classname="tests.backend_test.TestAuth" name="test_me_backward_compat_defaults" time="0.101" /><testcase classname="tests.backend_test.TestAuth" name="test_bcrypt_hash_format" time="0.003" /><testcase classname="tests.backend_test.TestAssets" name="test_buy_property" time="0.162" /><testcase classname="tests.backend_test.TestShop" name="test_buy_ammo" time="0.271" /><testcase classname="tests.backend_test.TestAssets" name="test_buy_property_duplicate" time="0.075" /><testcase classname="tests.backend_test.TestAssets" name="test_upgrade_security" time="0.227" /><testcase classname="tests.backend_test.TestShop" name="test_hire_crew" time="0.178" /><testcase classname="tests.backend_test.TestShop" name="test_buy_vehicle" time="0.266" /><testcase classname="tests.backend_test.TestAssets" name="test_buy_business_and_collect" time="0.157" /><testcase classname="tests.backend_test.TestAssets" name="test_bank_deposit_withdraw" time="0.319" /><testcase classname="tests.backend_test.TestDailyMissions" name="test_requires_auth" time="0.091" /><testcase classname="tests.backend_test.TestDailyMissions" name="test_daily_returns_three_with_all_fields" time="0.123" /><testcase classname="tests.backend_test.TestDailyMissions" name="test_daily_is_deterministic_for_same_user" time="0.191" /><testcase classname="tests.backend_test.TestAssets" name="test_bank_invalid" time="0.242" /><testcase classname="tests.backend_test.TestDailyMissions" name="test_claim_unknown_mission_404" time="0.088" /><testcase classname="tests.backend_test.TestDailyMissions" name="test_claim_incomplete_400" time="0.175" /><testcase classname="tests.backend_test.TestHeistCooldown" name="test_first_run_ok_second_blocked" time="0.335" /><testcase classname="tests.backend_test.TestDailyMissions" name="test_claim_awards_and_second_claim_rejected" time="0.643" /><testcase classname="tests.backend_test.TestHeistCooldown" name="test_cooldown_seconds_per_tier[op_atm-1-crew0-90]" time="0.158" /><testcase classname="tests.backend_test.TestHeistCooldown" name="test_cooldown_seconds_per_tier[op_street_drug-3-crew1-240]" time="0.159" /><testcase classname="tests.backend_test.TestHeistCooldown" name="test_cooldown_seconds_per_tier[op_armored-10-crew2-600]" time="0.162" /><testcase classname="tests.backend_test.TestHeistCooldown" name="test_cooldown_expires" time="0.079" /><testcase classname="tests.backend_test.TestHeistCooldown" name="test_cooldown_is_not_tier_of_last_run" time="0.240"><failure message="AssertionError: EXPLOIT: long-tier cooldown bypassable by running a quick op (got 200 {&quot;events&quot;:[{&quot;time&quot;:&quot;00:06&quot;,&quot;msg&quot;:&quot;Crew mobilized. Rolling to ATM Grab.&quot;,&quot;cat&quot;:&quot;info&quot;},{&quot;time&quot;:&quot;00:11&quot;,&quot;msg&quot;:&quot;Vehicle en route to target.&quot;,&quot;cat&quot;:&quot;info&quot;},{&quot;time&quot;:&quot;00:15&quot;,&quot;msg&quot;:&quot;Crew entered the location)&#10;assert 200 == 400&#10; +  where 200 = &lt;Response [200]&gt;.status_code">self = &lt;backend_test.TestHeistCooldown object at 0xfcb838745550&gt;
client = &lt;requests.sessions.Session object at 0xfcb83a0e9cd0&gt;
auth = {'Authorization': 'Bearer eyJhbGciOiJIUzI1NiIsInR5cCI6IkpXVCJ9.eyJzdWIiOiIwZDQxOWU3NS04NDZkLTRhNzgtYWJhNC0yMmMwNzI5ZTE5NDYiLCJleHAiOjE3ODg4OTgzMjJ9.c3YpWvS8gdD8kl1JtJRkkG-xN39WIjvY-g6AXomP5CE', 'Content-Type': 'application/json'}
mongo = Database(MongoClient(host=['localhost:27017'], document_class=dict, tz_aware=False, connect=True), 'test_database')
account = {'email': 'TEST_a6832331@example.com', 'username': 'TEST_a6832331', 'password': 'test1234', 'token': 'eyJhbGciOiJIUzI1...OWU3NS04NDZkLTRhNzgtYWJhNC0yMmMwNzI5ZTE5NDYiLCJleHAiOjE3ODg4OTgzMjJ9.c3YpWvS8gdD8kl1JtJRkkG-xN39WIjvY-g6AXomP5CE', ...}
character = True

    def test_cooldown_is_not_tier_of_last_run(self, client, auth, mongo, account, character):
        """Regression guard: cooldown is computed from the ATTEMPTED heist tier, not the last run's tier.
    
        After a 600s 'heist' tier op, a 90s 'quick' op becomes available after only 90s,
        which lets a player bypass the long cooldowns.
        """
        from datetime import datetime, timedelta, timezone
        self._reset(mongo, account, level=10, unset_cd=False)
        npcs = client.get(f"{API}/catalog").json()["npcs"]
        crew_ids = [n["id"] for n in npcs[:2]]
        mongo.users.update_one({"id": account["id"]}, {"$set": {"hired_crew": crew_ids, "last_heist_at": None}})
        r = client.post(f"{API}/heist/run", json={"heist_id": "op_armored", "crew_ids": crew_ids, "vehicle_id": "starter"}, headers=auth)
        assert r.status_code == 200, r.text[:400]
        assert r.json()["cooldown_seconds"] == 600
        # pretend 100s elapsed (&lt; 600 heist cd, &gt; 90 quick cd)
        mongo.users.update_one({"id": account["id"]}, {"$set": {
            "health": 100,
            "last_heist_at": (datetime.now(timezone.utc) - timedelta(seconds=100)).isoformat()}})
        r2 = client.post(f"{API}/heist/run", json={"heist_id": "op_atm", "crew_ids": [], "vehicle_id": "starter"}, headers=auth)
&gt;       assert r2.status_code == 400, (
            "EXPLOIT: long-tier cooldown bypassable by running a quick op "
            f"(got {r2.status_code} {r2.text[:200]})")
E       AssertionError: EXPLOIT: long-tier cooldown bypassable by running a quick op (got 200 {"events":[{"time":"00:06","msg":"Crew mobilized. Rolling to ATM Grab.","cat":"info"},{"time":"00:11","msg":"Vehicle en route to target.","cat":"info"},{"time":"00:15","msg":"Crew entered the location)
E       assert 200 == 400
E        +  where 200 = &lt;Response [200]&gt;.status_code

tests/backend_test.py:563: AssertionError</failure></testcase><testcase classname="tests.backend_test.TestHeists" name="test_run_heist" time="0.277" /><testcase classname="tests.backend_test.TestHeists" name="test_heist_level_gate" time="0.093" /><testcase classname="tests.backend_test.TestOfflineRaids" name="test_requires_auth" time="0.073" /><testcase classname="tests.backend_test.TestHeists" name="test_heist_not_found" time="0.088" /><testcase classname="tests.backend_test.TestOfflineRaids" name="test_fresh_user_no_events" time="0.077" /><testcase classname="tests.backend_test.TestHeists" name="test_history" time="0.088" /><testcase classname="tests.backend_test.TestOfflineRaids" name="test_long_offline_with_properties_returns_events_and_updates_tick" time="0.081" /><testcase classname="tests.backend_test.TestHeists" name="test_rankings" time="0.085" /><testcase classname="tests.backend_test.TestOfflineRaids" name="test_high_security_defends" time="0.077" /><testcase classname="tests.backend_test.TestOfflineRaids" name="test_naive_last_tick_does_not_crash" time="0.081"><failure message="AssertionError: naive last_tick crashed: 500 Internal Server Error&#10;assert 500 == 200&#10; +  where 500 = &lt;Response [500]&gt;.status_code">self = &lt;backend_test.TestOfflineRaids object at 0xfcb83873a6d0&gt;
client = &lt;requests.sessions.Session object at 0xfcb83a0e9cd0&gt;
auth = {'Authorization': 'Bearer eyJhbGciOiJIUzI1NiIsInR5cCI6IkpXVCJ9.eyJzdWIiOiIwZDQxOWU3NS04NDZkLTRhNzgtYWJhNC0yMmMwNzI5ZTE5NDYiLCJleHAiOjE3ODg4OTgzMjJ9.c3YpWvS8gdD8kl1JtJRkkG-xN39WIjvY-g6AXomP5CE', 'Content-Type': 'application/json'}
mongo = Database(MongoClient(host=['localhost:27017'], document_class=dict, tz_aware=False, connect=True), 'test_database')
account = {'email': 'TEST_a6832331@example.com', 'username': 'TEST_a6832331', 'password': 'test1234', 'token': 'eyJhbGciOiJIUzI1...OWU3NS04NDZkLTRhNzgtYWJhNC0yMmMwNzI5ZTE5NDYiLCJleHAiOjE3ODg4OTgzMjJ9.c3YpWvS8gdD8kl1JtJRkkG-xN39WIjvY-g6AXomP5CE', ...}

    def test_naive_last_tick_does_not_crash(self, client, auth, mongo, account):
        """Legacy/naive (no timezone) last_tick values must not 500 the endpoint."""
        from datetime import datetime, timedelta
        mongo.users.update_one({"id": account["id"]}, {"$set": {
            "last_tick": (datetime.utcnow() - timedelta(hours=5)).isoformat(),
            "properties": [],
        }})
        r = client.post(f"{API}/tick/offline-raids", headers=auth)
&gt;       assert r.status_code == 200, f"naive last_tick crashed: {r.status_code} {r.text[:300]}"
E       AssertionError: naive last_tick crashed: 500 Internal Server Error
E       assert 500 == 200
E        +  where 500 = &lt;Response [500]&gt;.status_code

tests/backend_test.py:486: AssertionError</failure></testcase><testcase classname="tests.backend_test.TestPvP" name="test_targets" time="0.084" /><testcase classname="tests.backend_test.TestPvP" name="test_pvp_history" time="0.089" /><testcase classname="tests.backend_test.TestHeistDifficulty" name="test_outcome_distribution_is_harder" time="3.648" /><testcase classname="tests.backend_test.TestPvP" name="test_raid_unknown_target" time="0.090" /><testcase classname="tests.backend_test.TestHealthCatalog" name="test_root" time="0.089" /><testcase classname="tests.backend_test.TestHealthCatalog" name="test_catalog" time="0.095" /><testcase classname="tests.backend_test.TestCharacter" name="test_create_character_invalid_spec" time="0.093" /><testcase classname="tests.backend_test.TestCharacter" name="test_create_character" time="0.171" /><testcase classname="tests.backend_test.TestLegacyUserCompat" name="test_rankings_with_legacy_user_missing_stats" time="0.179" /><testcase classname="tests.backend_test.TestHeistDifficulty" name="test_failed_outcome_pays_nothing" time="0.084" /><testcase classname="tests.backend_test.TestHeistDifficulty" name="test_health_gate_blocks_run" time="0.090" /></testsuite></testsuites>