<?xml version="1.0" encoding="utf-8"?><testsuites name="pytest tests"><testsuite name="pytest" errors="0" failures="1" skipped="0" tests="44" time="6.632" timestamp="2026-09-01T18:05:37.219300+00:00" hostname="agent-env-8eca0a7b-6cf2-4b15-9c58-115ce5a33738"><testcase classname="tests.backend_test.TestAuth" name="test_signup_defaults" time="1.085" /><testcase classname="tests.backend_test.TestShop" name="test_buy_weapon_and_persist" time="1.408" /><testcase classname="tests.backend_test.TestAuth" name="test_login_bad_password" time="0.313" /><testcase classname="tests.backend_test.TestAuth" name="test_duplicate_email" time="0.077" /><testcase classname="tests.backend_test.TestShop" name="test_buy_weapon_not_found" time="0.136" /><testcase classname="tests.backend_test.TestAuth" name="test_signup_validation" time="0.121" /><testcase classname="tests.backend_test.TestShop" name="test_buy_weapon_insufficient_funds" time="0.131" /><testcase classname="tests.backend_test.TestAuth" name="test_me_requires_token" time="0.233" /><testcase classname="tests.backend_test.TestShop" name="test_equip_weapon" time="0.204" /><testcase classname="tests.backend_test.TestAuth" name="test_me_backward_compat_defaults" time="0.120" /><testcase classname="tests.backend_test.TestShop" name="test_buy_ammo" time="0.369" /><testcase classname="tests.backend_test.TestAuth" name="test_bcrypt_hash_format" time="0.001" /><testcase classname="tests.backend_test.TestAssets" name="test_buy_property" time="0.236" /><testcase classname="tests.backend_test.TestAssets" name="test_buy_property_duplicate" time="0.119" /><testcase classname="tests.backend_test.TestShop" name="test_hire_crew" time="0.243" /><testcase classname="tests.backend_test.TestAssets" name="test_upgrade_security" time="0.311" /><testcase classname="tests.backend_test.TestShop" name="test_buy_vehicle" time="0.330" /><testcase classname="tests.backend_test.TestAssets" name="test_buy_business_and_collect" time="0.150" /><testcase classname="tests.backend_test.TestAssets" name="test_bank_deposit_withdraw" time="0.420" /><testcase classname="tests.backend_test.TestDailyMissions" name="test_requires_auth" time="0.126" /><testcase classname="tests.backend_test.TestDailyMissions" name="test_daily_returns_three_with_all_fields" time="0.118" /><testcase classname="tests.backend_test.TestDailyMissions" name="test_daily_is_deterministic_for_same_user" time="0.256" /><testcase classname="tests.backend_test.TestAssets" name="test_bank_invalid" time="0.269" /><testcase classname="tests.backend_test.TestDailyMissions" name="test_claim_unknown_mission_404" time="0.135" /><testcase classname="tests.backend_test.TestDailyMissions" name="test_claim_incomplete_400" time="0.251" /><testcase classname="tests.backend_test.TestHeists" name="test_run_heist" time="0.267" /><testcase classname="tests.backend_test.TestDailyMissions" name="test_claim_awards_and_second_claim_rejected" time="0.781" /><testcase classname="tests.backend_test.TestHeists" name="test_heist_level_gate" time="0.075" /><testcase classname="tests.backend_test.TestHeists" name="test_heist_not_found" time="0.077" /><testcase classname="tests.backend_test.TestHeists" name="test_history" time="0.082" /><testcase classname="tests.backend_test.TestHeists" name="test_rankings" time="0.117" /><testcase classname="tests.backend_test.TestPvP" name="test_targets" time="0.112" /><testcase classname="tests.backend_test.TestPvP" name="test_pvp_history" time="0.114" /><testcase classname="tests.backend_test.TestPvP" name="test_raid_unknown_target" time="0.116" /><testcase classname="tests.backend_test.TestHealthCatalog" name="test_root" time="0.116" /><testcase classname="tests.backend_test.TestOfflineRaids" name="test_requires_auth" time="0.117" /><testcase classname="tests.backend_test.TestHealthCatalog" name="test_catalog" time="0.079" /><testcase classname="tests.backend_test.TestOfflineRaids" name="test_fresh_user_no_events" time="0.074" /><testcase classname="tests.backend_test.TestCharacter" name="test_create_character_invalid_spec" time="0.114" /><testcase classname="tests.backend_test.TestOfflineRaids" name="test_long_offline_with_properties_returns_events_and_updates_tick" time="0.125" /><testcase classname="tests.backend_test.TestCharacter" name="test_create_character" time="0.150" /><testcase classname="tests.backend_test.TestOfflineRaids" name="test_high_security_defends" time="0.076" /><testcase classname="tests.backend_test.TestOfflineRaids" name="test_naive_last_tick_does_not_crash" time="0.077"><failure message="AssertionError: naive last_tick crashed: 500 Internal Server Error&#10;assert 500 == 200&#10; +  where 500 = &lt;Response [500]&gt;.status_code">tests/backend_test.py:485: in test_naive_last_tick_does_not_crash
    assert r.status_code == 200, f"naive last_tick crashed: {r.status_code} {r.text[:300]}"
E   AssertionError: naive last_tick crashed: 500 Internal Server Error
E   assert 500 == 200
E    +  where 500 = &lt;Response [500]&gt;.status_code</failure></testcase><testcase classname="tests.backend_test.TestLegacyUserCompat" name="test_rankings_with_legacy_user_missing_stats" time="0.157" /></testsuite></testsuites>